[2025-11-07 19:50:40,287] ERROR in index: Authentication failed with unexpected error: 400 The query requires an index. You can create it here: https://console.firebase.google.com/v1/r/project/salefney-shokran/firestore/indexes?create_composite=ClRwcm9qZWN0cy9zYWxlZm5leS1zaG9rcmFuL2RhdGFiYXNlcy8oZGVmYXVsdCkvY29sbGVjdGlvbkdyb3Vwcy9wcmVkaWN0aW9ucy9pbmRleGVzL18QARoLCgd1c2VyX2lkEAEaDQoJdGltZXN0YW1wEAIaDAoIX19uYW1lX18QAg
Traceback (most recent call last):
  File "C:\Users\Mosta\salefney-shokran-api\api\index.py", line 490, in get_predictions
    docs = query.get()
           ^^^^^^^^^^^
  File "C:\Users\Mosta\salefney-shokran-api\.venv\Lib\site-packages\google\cloud\firestore_v1\query.py", line 202, in get
    result_list = list(result)
                  ^^^^^^^^^^^^
  File "C:\Users\Mosta\salefney-shokran-api\.venv\Lib\site-packages\google\cloud\firestore_v1\stream_generator.py", line 58, in __next__
    return self._generator.__next__()
           ^^^^^^^^^^^^^^^^^^^^^^^^^^
  File "C:\Users\Mosta\salefney-shokran-api\.venv\Lib\site-packages\google\cloud\firestore_v1\query.py", line 410, in _make_stream
    response_iterator, expected_prefix = self._get_stream_iterator(
                                         ^^^^^^^^^^^^^^^^^^^^^^^^^^
  File "C:\Users\Mosta\salefney-shokran-api\.venv\Lib\site-packages\google\cloud\firestore_v1\query.py", line 260, in _get_stream_iterator
    response_iterator = self._client._firestore_api.run_query(
                        ^^^^^^^^^^^^^^^^^^^^^^^^^^^^^^^^^^^^^^
  File "C:\Users\Mosta\salefney-shokran-api\.venv\Lib\site-packages\google\cloud\firestore_v1\services\firestore\client.py", line 1624, in run_query
    response = rpc(
               ^^^^
  File "C:\Users\Mosta\salefney-shokran-api\.venv\Lib\site-packages\google\api_core\gapic_v1\method.py", line 131, in __call__
    return wrapped_func(*args, **kwargs)
           ^^^^^^^^^^^^^^^^^^^^^^^^^^^^^
  File "C:\Users\Mosta\salefney-shokran-api\.venv\Lib\site-packages\google\api_core\retry\retry_unary.py", line 294, in retry_wrapped_func
    return retry_target(
           ^^^^^^^^^^^^^
  File "C:\Users\Mosta\salefney-shokran-api\.venv\Lib\site-packages\google\api_core\retry\retry_unary.py", line 156, in retry_target
    next_sleep = _retry_error_helper(
                 ^^^^^^^^^^^^^^^^^^^^
  File "C:\Users\Mosta\salefney-shokran-api\.venv\Lib\site-packages\google\api_core\retry\retry_base.py", line 214, in _retry_error_helper
    raise final_exc from source_exc
  File "C:\Users\Mosta\salefney-shokran-api\.venv\Lib\site-packages\google\api_core\retry\retry_unary.py", line 147, in retry_target
    result = target()
             ^^^^^^^^
  File "C:\Users\Mosta\salefney-shokran-api\.venv\Lib\site-packages\google\api_core\timeout.py", line 130, in func_with_timeout
    return func(*args, **kwargs)
           ^^^^^^^^^^^^^^^^^^^^^
  File "C:\Users\Mosta\salefney-shokran-api\.venv\Lib\site-packages\google\api_core\grpc_helpers.py", line 173, in error_remapped_callable
    raise exceptions.from_grpc_error(exc) from exc
google.api_core.exceptions.FailedPrecondition: 400 The query requires an index. You can create it here: https://console.firebase.google.com/v1/r/project/salefney-shokran/firestore/indexes?create_composite=ClRwcm9qZWN0cy9zYWxlZm5leS1zaG9rcmFuL2RhdGFiYXNlcy8oZGVmYXVsdCkvY29sbGVjdGlvbkdyb3Vwcy9wcmVkaWN0aW9ucy9pbmRleGVzL18QARoLCgd1c2VyX2lkEAEaDQoJdGltZXN0YW1wEAIaDAoIX19uYW1lX18QAg
